{"/home/evoronov/WebstormProjects/sails/cat/api/controllers/CatalogController.js":{"path":"/home/evoronov/WebstormProjects/sails/cat/api/controllers/CatalogController.js","s":{"1":1,"2":0,"3":0,"4":0,"5":0,"6":0,"7":0,"8":0,"9":0,"10":0},"b":{"1":[0,0],"2":[0,0],"3":[0,0]},"f":{"1":0,"2":0},"fnMap":{"1":{"name":"(anonymous_1)","line":14,"loc":{"start":{"line":14,"column":10},"end":{"line":14,"column":30}}},"2":{"name":"(anonymous_2)","line":22,"loc":{"start":{"line":22,"column":48},"end":{"line":22,"column":69}}}},"statementMap":{"1":{"start":{"line":9,"column":0},"end":{"line":40,"column":2}},"2":{"start":{"line":16,"column":8},"end":{"line":16,"column":63}},"3":{"start":{"line":18,"column":8},"end":{"line":20,"column":9}},"4":{"start":{"line":19,"column":12},"end":{"line":19,"column":35}},"5":{"start":{"line":22,"column":8},"end":{"line":38,"column":11}},"6":{"start":{"line":23,"column":12},"end":{"line":25,"column":13}},"7":{"start":{"line":24,"column":16},"end":{"line":24,"column":39}},"8":{"start":{"line":27,"column":12},"end":{"line":30,"column":15}},"9":{"start":{"line":31,"column":12},"end":{"line":31,"column":41}},"10":{"start":{"line":32,"column":12},"end":{"line":36,"column":15}}},"branchMap":{"1":{"line":16,"type":"binary-expr","locations":[{"start":{"line":16,"column":27},"end":{"line":16,"column":54}},{"start":{"line":16,"column":58},"end":{"line":16,"column":62}}]},"2":{"line":18,"type":"if","locations":[{"start":{"line":18,"column":8},"end":{"line":18,"column":8}},{"start":{"line":18,"column":8},"end":{"line":18,"column":8}}]},"3":{"line":23,"type":"if","locations":[{"start":{"line":23,"column":12},"end":{"line":23,"column":12}},{"start":{"line":23,"column":12},"end":{"line":23,"column":12}}]}}}}